<?xml version="1.0" encoding="UTF-8"?>
<coverage generated="1773775176979" clover="3.2.0">
  <project timestamp="1773775176979" name="All files">
    <metrics statements="11" coveredstatements="11" conditionals="10" coveredconditionals="8" methods="5" coveredmethods="5" elements="26" coveredelements="24" complexity="0" loc="11" ncloc="11" packages="2" files="4" classes="4"/>
    <package name="assets">
      <metrics statements="0" coveredstatements="0" conditionals="0" coveredconditionals="0" methods="0" coveredmethods="0"/>
      <file name="arrowLeft.png" path="D:\Kalice\Videos\Téléchargements\Kasa-projet-8-main (1)\Kasa-projet-8-main\kasa\src\assets\arrowLeft.png">
        <metrics statements="0" coveredstatements="0" conditionals="0" coveredconditionals="0" methods="0" coveredmethods="0"/>
      </file>
      <file name="arrowRight.png" path="D:\Kalice\Videos\Téléchargements\Kasa-projet-8-main (1)\Kasa-projet-8-main\kasa\src\assets\arrowRight.png">
        <metrics statements="0" coveredstatements="0" conditionals="0" coveredconditionals="0" methods="0" coveredmethods="0"/>
      </file>
    </package>
    <package name="components.Slideshow">
      <metrics statements="11" coveredstatements="11" conditionals="10" coveredconditionals="8" methods="5" coveredmethods="5"/>
      <file name="Slideshow.jsx" path="D:\Kalice\Videos\Téléchargements\Kasa-projet-8-main (1)\Kasa-projet-8-main\kasa\src\components\Slideshow\Slideshow.jsx">
        <metrics statements="11" coveredstatements="11" conditionals="10" coveredconditionals="8" methods="5" coveredmethods="5"/>
        <line num="8" count="12" type="stmt"/>
        <line num="10" count="12" type="stmt"/>
        <line num="11" count="4" type="cond" truecount="1" falsecount="1"/>
        <line num="12" count="4" type="stmt"/>
        <line num="13" count="4" type="cond" truecount="2" falsecount="0"/>
        <line num="17" count="12" type="stmt"/>
        <line num="18" count="2" type="cond" truecount="1" falsecount="1"/>
        <line num="19" count="2" type="stmt"/>
        <line num="20" count="2" type="cond" truecount="2" falsecount="0"/>
        <line num="24" count="12" type="stmt"/>
        <line num="26" count="12" type="stmt"/>
      </file>
      <file name="Slideshow.module.css" path="D:\Kalice\Videos\Téléchargements\Kasa-projet-8-main (1)\Kasa-projet-8-main\kasa\src\components\Slideshow\Slideshow.module.css">
        <metrics statements="0" coveredstatements="0" conditionals="0" coveredconditionals="0" methods="0" coveredmethods="0"/>
      </file>
    </package>
  </project>
</coverage>
