{"C:\\Openclassrooms\\Projet 8\\Kasa-projet-8-main (2)\\frontend\\src\\assets\\arrowLeft.png": {"path":"C:\\Openclassrooms\\Projet 8\\Kasa-projet-8-main (2)\\frontend\\src\\assets\\arrowLeft.png","statementMap":{},"fnMap":{},"branchMap":{},"s":{},"f":{},"b":{},"meta":{"lastBranch":0,"lastFunction":0,"lastStatement":0,"seen":{}}}
,"C:\\Openclassrooms\\Projet 8\\Kasa-projet-8-main (2)\\frontend\\src\\assets\\arrowRight.png": {"path":"C:\\Openclassrooms\\Projet 8\\Kasa-projet-8-main (2)\\frontend\\src\\assets\\arrowRight.png","statementMap":{},"fnMap":{},"branchMap":{},"s":{},"f":{},"b":{},"meta":{"lastBranch":0,"lastFunction":0,"lastStatement":0,"seen":{}}}
,"C:\\Openclassrooms\\Projet 8\\Kasa-projet-8-main (2)\\frontend\\src\\components\\Slideshow\\Slideshow.jsx": {"path":"C:\\Openclassrooms\\Projet 8\\Kasa-projet-8-main (2)\\frontend\\src\\components\\Slideshow\\Slideshow.jsx","statementMap":{"0":{"start":{"line":8,"column":40},"end":{"line":8,"column":null}},"1":{"start":{"line":10,"column":22},"end":{"line":15,"column":null}},"2":{"start":{"line":11,"column":8},"end":{"line":11,"column":null}},"3":{"start":{"line":11,"column":30},"end":{"line":11,"column":null}},"4":{"start":{"line":12,"column":8},"end":{"line":14,"column":null}},"5":{"start":{"line":13,"column":12},"end":{"line":13,"column":null}},"6":{"start":{"line":17,"column":22},"end":{"line":22,"column":null}},"7":{"start":{"line":18,"column":8},"end":{"line":18,"column":null}},"8":{"start":{"line":18,"column":30},"end":{"line":18,"column":null}},"9":{"start":{"line":19,"column":8},"end":{"line":21,"column":null}},"10":{"start":{"line":20,"column":12},"end":{"line":20,"column":null}},"11":{"start":{"line":24,"column":32},"end":{"line":24,"column":null}},"12":{"start":{"line":26,"column":4},"end":{"line":56,"column":null}}},"fnMap":{"0":{"name":"Slideshow","decl":{"start":{"line":6,"column":16},"end":{"line":6,"column":26}},"loc":{"start":{"line":6,"column":33},"end":{"line":58,"column":null}},"line":6},"1":{"name":"(anonymous_1)","decl":{"start":{"line":10,"column":22},"end":{"line":10,"column":28}},"loc":{"start":{"line":10,"column":28},"end":{"line":15,"column":null}},"line":10},"2":{"name":"(anonymous_2)","decl":{"start":{"line":12,"column":24},"end":{"line":12,"column":25}},"loc":{"start":{"line":13,"column":12},"end":{"line":13,"column":null}},"line":13},"3":{"name":"(anonymous_3)","decl":{"start":{"line":17,"column":22},"end":{"line":17,"column":28}},"loc":{"start":{"line":17,"column":28},"end":{"line":22,"column":null}},"line":17},"4":{"name":"(anonymous_4)","decl":{"start":{"line":19,"column":24},"end":{"line":19,"column":25}},"loc":{"start":{"line":20,"column":12},"end":{"line":20,"column":null}},"line":20}},"branchMap":{"0":{"loc":{"start":{"line":11,"column":8},"end":{"line":11,"column":null}},"type":"if","locations":[{"start":{"line":11,"column":8},"end":{"line":11,"column":null}},{"start":{},"end":{}}],"line":11},"1":{"loc":{"start":{"line":13,"column":12},"end":{"line":13,"column":null}},"type":"cond-expr","locations":[{"start":{"line":13,"column":49},"end":{"line":13,"column":53}},{"start":{"line":13,"column":53},"end":{"line":13,"column":null}}],"line":13},"2":{"loc":{"start":{"line":18,"column":8},"end":{"line":18,"column":null}},"type":"if","locations":[{"start":{"line":18,"column":8},"end":{"line":18,"column":null}},{"start":{},"end":{}}],"line":18},"3":{"loc":{"start":{"line":20,"column":12},"end":{"line":20,"column":null}},"type":"cond-expr","locations":[{"start":{"line":20,"column":25},"end":{"line":20,"column":53}},{"start":{"line":20,"column":53},"end":{"line":20,"column":null}}],"line":20},"4":{"loc":{"start":{"line":35,"column":13},"end":{"line":54,"column":null}},"type":"binary-expr","locations":[{"start":{"line":35,"column":13},"end":{"line":35,"column":null}},{"start":{"line":36,"column":16},"end":{"line":54,"column":null}}],"line":35}},"s":{"0":12,"1":12,"2":4,"3":0,"4":4,"5":4,"6":12,"7":2,"8":0,"9":2,"10":2,"11":12,"12":12},"f":{"0":12,"1":4,"2":4,"3":2,"4":2},"b":{"0":[0,4],"1":[1,3],"2":[0,2],"3":[1,1],"4":[12,11]},"meta":{"lastBranch":5,"lastFunction":5,"lastStatement":13,"seen":{"f:6:16:6:26":0,"s:8:40:8:Infinity":0,"s:10:22:15:Infinity":1,"f:10:22:10:28":1,"b:11:8:11:Infinity:undefined:undefined:undefined:undefined":0,"s:11:8:11:Infinity":2,"s:11:30:11:Infinity":3,"s:12:8:14:Infinity":4,"f:12:24:12:25":2,"s:13:12:13:Infinity":5,"b:13:49:13:53:13:53:13:Infinity":1,"s:17:22:22:Infinity":6,"f:17:22:17:28":3,"b:18:8:18:Infinity:undefined:undefined:undefined:undefined":2,"s:18:8:18:Infinity":7,"s:18:30:18:Infinity":8,"s:19:8:21:Infinity":9,"f:19:24:19:25":4,"s:20:12:20:Infinity":10,"b:20:25:20:53:20:53:20:Infinity":3,"s:24:32:24:Infinity":11,"s:26:4:56:Infinity":12,"b:35:13:35:Infinity:36:16:54:Infinity":4}}}
,"C:\\Openclassrooms\\Projet 8\\Kasa-projet-8-main (2)\\frontend\\src\\components\\Slideshow\\Slideshow.module.css": {"path":"C:\\Openclassrooms\\Projet 8\\Kasa-projet-8-main (2)\\frontend\\src\\components\\Slideshow\\Slideshow.module.css","statementMap":{},"fnMap":{},"branchMap":{},"s":{},"f":{},"b":{},"meta":{"lastBranch":0,"lastFunction":0,"lastStatement":0,"seen":{}}}
}
