{"C:\\Openclassrooms\\Projet 8\\Kasa-projet-8-main (2)\\frontend\\src\\components\\Card\\Card.jsx": {"path":"C:\\Openclassrooms\\Projet 8\\Kasa-projet-8-main (2)\\frontend\\src\\components\\Card\\Card.jsx","statementMap":{"0":{"start":{"line":6,"column":4},"end":{"line":17,"column":null}}},"fnMap":{"0":{"name":"Card","decl":{"start":{"line":4,"column":16},"end":{"line":4,"column":21}},"loc":{"start":{"line":4,"column":28},"end":{"line":19,"column":null}},"line":4}},"branchMap":{},"s":{"0":3},"f":{"0":3},"b":{},"meta":{"lastBranch":0,"lastFunction":1,"lastStatement":1,"seen":{"f:4:16:4:21":0,"s:6:4:17:Infinity":0}}}
,"C:\\Openclassrooms\\Projet 8\\Kasa-projet-8-main (2)\\frontend\\src\\components\\Card\\Card.module.css": {"path":"C:\\Openclassrooms\\Projet 8\\Kasa-projet-8-main (2)\\frontend\\src\\components\\Card\\Card.module.css","statementMap":{},"fnMap":{},"branchMap":{},"s":{},"f":{},"b":{},"meta":{"lastBranch":0,"lastFunction":0,"lastStatement":0,"seen":{}}}
}
