<?xml version="1.0" encoding="UTF-8"?>
<coverage generated="1773770214058" clover="3.2.0">
  <project timestamp="1773770214058" name="All files">
    <metrics statements="1" coveredstatements="1" conditionals="4" coveredconditionals="4" methods="1" coveredmethods="1" elements="6" coveredelements="6" complexity="0" loc="1" ncloc="1" packages="1" files="2" classes="2"/>
    <file name="Banner.jsx" path="D:\Kalice\Videos\Téléchargements\Kasa-projet-8-main (1)\Kasa-projet-8-main\kasa\src\components\Banner\Banner.jsx">
      <metrics statements="1" coveredstatements="1" conditionals="4" coveredconditionals="4" methods="1" coveredmethods="1"/>
      <line num="4" count="3" type="stmt"/>
    </file>
    <file name="Banner.module.css" path="D:\Kalice\Videos\Téléchargements\Kasa-projet-8-main (1)\Kasa-projet-8-main\kasa\src\components\Banner\Banner.module.css">
      <metrics statements="0" coveredstatements="0" conditionals="0" coveredconditionals="0" methods="0" coveredmethods="0"/>
    </file>
  </project>
</coverage>
