{"D:\\Kalice\\Videos\\Téléchargements\\Kasa-projet-8-main (1)\\Kasa-projet-8-main\\kasa\\src\\components\\Banner\\Banner.jsx": {"path":"D:\\Kalice\\Videos\\Téléchargements\\Kasa-projet-8-main (1)\\Kasa-projet-8-main\\kasa\\src\\components\\Banner\\Banner.jsx","statementMap":{"0":{"start":{"line":4,"column":4},"end":{"line":12,"column":null}}},"fnMap":{"0":{"name":"Banner","decl":{"start":{"line":3,"column":9},"end":{"line":3,"column":16}},"loc":{"start":{"line":3,"column":51},"end":{"line":14,"column":null}},"line":3}},"branchMap":{"0":{"loc":{"start":{"line":6,"column":47},"end":{"line":6,"column":64}},"type":"binary-expr","locations":[{"start":{"line":6,"column":47},"end":{"line":6,"column":62}},{"start":{"line":6,"column":62},"end":{"line":6,"column":64}}],"line":6},"1":{"loc":{"start":{"line":11,"column":13},"end":{"line":11,"column":null}},"type":"binary-expr","locations":[{"start":{"line":11,"column":13},"end":{"line":11,"column":21}},{"start":{"line":11,"column":21},"end":{"line":11,"column":null}}],"line":11}},"s":{"0":3},"f":{"0":3},"b":{"0":[3,3],"1":[3,1]},"meta":{"lastBranch":2,"lastFunction":1,"lastStatement":1,"seen":{"f:3:9:3:16":0,"s:4:4:12:Infinity":0,"b:6:47:6:62:6:62:6:64":0,"b:11:13:11:21:11:21:11:Infinity":1}}}
,"D:\\Kalice\\Videos\\Téléchargements\\Kasa-projet-8-main (1)\\Kasa-projet-8-main\\kasa\\src\\components\\Banner\\Banner.module.css": {"path":"D:\\Kalice\\Videos\\Téléchargements\\Kasa-projet-8-main (1)\\Kasa-projet-8-main\\kasa\\src\\components\\Banner\\Banner.module.css","statementMap":{},"fnMap":{},"branchMap":{},"s":{},"f":{},"b":{},"meta":{"lastBranch":0,"lastFunction":0,"lastStatement":0,"seen":{}}}
}
